[2024-10-28 09:30:46] local.INFO: dashboard function started.  
[2024-10-28 09:30:55] local.INFO: campaign_list function started.  
[2024-10-28 09:30:55] local.INFO: User:TDP  
[2024-10-28 09:30:55] local.INFO: User ID: 54  
[2024-10-28 09:30:56] local.INFO: campaign_list function started.  
[2024-10-28 09:30:56] local.INFO: User:TDP  
[2024-10-28 09:30:56] local.INFO: User ID: 54  
[2024-10-28 09:31:03] local.INFO: campaign_list function started.  
[2024-10-28 09:31:04] local.INFO: campaign_list function started.  
[2024-10-28 09:31:04] local.INFO: Start Date: 28-10-2024, End Date: 28-10-2024, User ID: 54  
[2024-10-28 09:31:07] local.INFO: summary_report function started.  
[2024-10-28 09:31:07] local.INFO: User:TDP  
[2024-10-28 09:31:08] local.INFO: summary_report function started.  
[2024-10-28 09:31:08] local.INFO: User:TDP  
[2024-10-28 09:31:08] local.INFO: Start Date: 28-10-2024, End Date: 28-10-2024, User ID: 54  
[2024-10-28 09:31:10] local.INFO: summary_report function started.  
[2024-10-28 09:31:10] local.INFO: User:TDP  
[2024-10-28 09:31:11] local.INFO: summary_report function started.  
[2024-10-28 09:31:11] local.INFO: User:TDP  
[2024-10-28 09:31:11] local.INFO: Start Date: 28-10-2024, End Date: 28-10-2024, User ID: 54  
[2024-10-28 09:31:13] local.INFO: detail_report function started.  
[2024-10-28 09:31:14] local.INFO: detail_report function started.  
[2024-10-28 09:31:14] local.INFO: Start Date: 28-10-2024, End Date: 28-10-2024, User ID: 54  
[2024-10-28 09:31:17] local.INFO: dashboard function started.  
[2024-10-28 09:32:17] local.INFO: dashboard function started.  
